[0mGET / [36m304 [0m348.719 ms - -[0m
[0mGET /stylesheets/style.css [36m304 [0m3.267 ms - -[0m
[0mGET / [36m304 [0m30.592 ms - -[0m
[0mGET /stylesheets/style.css [36m304 [0m0.817 ms - -[0m
[0mGET /users [32m200 [0m2.322 ms - 23[0m
[0mPOST /users/daftar [33m404 [0m17.514 ms - 46[0m
[0mPOST /users/daftar [32m200 [0m1155.309 ms - 33[0m
[0mGET /router1 [33m403 [0m5.919 ms - 61[0m
[0mPOST /users/login [32m200 [0m513.257 ms - 2514[0m
[0mGET /router1 [33m403 [0m1.518 ms - 61[0m
[0mGET /router1 [33m403 [0m0.679 ms - 61[0m
[0mGET /router1 [33m403 [0m0.508 ms - 61[0m
[0mGET /router1 [33m403 [0m0.556 ms - 61[0m
[0mGET /router1 [32m200 [0m6.341 ms - 2[0m
[0mPOST /router1 [32m200 [0m51.614 ms - -[0m
[0mGET /router1 [33m403 [0m7.283 ms - 61[0m
[0mPOST /router1 [32m200 [0m74.446 ms - -[0m
[0mPOST /router1 [32m200 [0m58.139 ms - -[0m
[0mDELETE /router1 [32m200 [0m10.530 ms - 14[0m
[0mGET /router1 [32m200 [0m12.316 ms - 2[0m
[0mPOST /router1 [32m200 [0m6.825 ms - -[0m
[0mGET /router1 [32m200 [0m8.141 ms - 282[0m
[0mGET /router1/597edc727b2eca06da806975 [32m200 [0m6.344 ms - 280[0m
[0mPOST /router1/597edc727b2eca06da806975/komentar/ [33m404 [0m1.160 ms - 46[0m
[0mGET /router1/597edc727b2eca06da806975/komentar [32m200 [0m26.801 ms - -[0m
[0mGET /router1/597edc727b2eca06da806975/komentar [32m200 [0m4.776 ms - -[0m
[0mGET /router1 [32m200 [0m12.485 ms - 282[0m
[0mGET /router1/597edc727b2eca06da806975 [32m200 [0m5.559 ms - 280[0m
[0mGET /router1/597edc727b2eca06da806975/komentar [32m200 [0m2.370 ms - -[0m
[0mPOST /router1/597edc727b2eca06da806975/komentar [32m200 [0m64.975 ms - 450[0m
[0mPOST /users/daftar [32m200 [0m1252.971 ms - 33[0m
[0mPOST /users/daftar [32m200 [0m1066.091 ms - 33[0m
[0mPOST /users/login [32m200 [0m515.166 ms - 2657[0m
[0mGET /router1 [32m200 [0m9.653 ms - 2[0m
[0mPOST /users [33m404 [0m1.255 ms - 46[0m
[0mGET /users [32m200 [0m1.151 ms - 23[0m
[0mGET /users [31m500 [0m9.248 ms - 46[0m
[0mGET /users [32m200 [0m26.982 ms - 257[0m
[0mGET /router1 [33m403 [0m3.176 ms - 61[0m
[0mGET /router1 [33m403 [0m1.306 ms - 61[0m
[0mGET /router1 [33m401 [0m4.777 ms - 64[0m
[0mGET /router1 [33m401 [0m1.143 ms - 64[0m
[0mGET /users/login [33m404 [0m1.352 ms - 46[0m
[0mPOST /users/login [32m200 [0m552.748 ms - 2657[0m
[0mGET /router1 [32m200 [0m4.424 ms - 2[0m
[0mPOST /router1 [33m401 [0m30.302 ms - 64[0m
[0mGET /users/login [33m404 [0m4.332 ms - 46[0m
[0mGET /users [32m200 [0m18.554 ms - 257[0m
[0mGET /users [32m200 [0m2.787 ms - 2[0m
[0mGET /users [32m200 [0m12.387 ms - 2[0m
[0mGET /users/daftar [33m404 [0m0.630 ms - 46[0m
[0mPOST /users/daftar [31m500 [0m10.211 ms - 73[0m
[0mPOST /users/daftar [32m200 [0m1127.701 ms - 33[0m
[0mPOST /users/daftar [32m200 [0m1006.792 ms - 33[0m
[0mPOST /users/login [32m200 [0m575.663 ms - 2659[0m
[0mGET /router1 [32m200 [0m11.742 ms - 2[0m
[0mPOST /router1 [32m200 [0m25.068 ms - -[0m
[0mGET /router1 [32m200 [0m5.080 ms - 274[0m
[0mPOST /users/login [32m200 [0m517.067 ms - 2657[0m
[0mGET /router1 [32m200 [0m8.626 ms - 2[0m
[0mPOST /router1 [32m200 [0m99.541 ms - -[0m
[0mPOST /router1 [32m200 [0m4.639 ms - -[0m
[0mGET /router1 [32m200 [0m3.900 ms - 535[0m
[0mPOST /users/login [33m401 [0m3.095 ms - 88[0m
[0mPOST /users/login [32m200 [0m512.956 ms - 2659[0m
[0mGET /router1 [32m200 [0m3.319 ms - 535[0m
[0mGET /router1 [32m200 [0m3.583 ms - 535[0m
[0mGET /router1/59801a4d8e7ade06914e91a0 [31m500 [0m2.246 ms - 48[0m
[0mGET /router1/59801a4d8e7ade06914e91a0 [32m200 [0m35.504 ms - 272[0m
[0mGET /router1/59801a4d8e7ade06914e91a0/komentar [32m200 [0m12.139 ms - 2[0m
[0mPOST /router1/59801a4d8e7ade06914e91a0/komentar [32m200 [0m44.627 ms - 455[0m
[0mGET /router1/59801a4d8e7ade06914e91a0/komentar [32m200 [0m10.647 ms - 278[0m
[0mGET /router1 [32m200 [0m4.192 ms - 718[0m
[0mGET /router1/59801a4d8e7ade06914e91a0 [32m200 [0m5.265 ms - 548[0m
[0mGET /router1/59801a4d8e7ade06914e91a0/komentar [32m200 [0m4.922 ms - 278[0m
[0mGET /router1/59801a4d8e7ade06914e91a0 [32m200 [0m44.379 ms - 548[0m
[0mGET /browser-sync/socket.io/?EIO=3&transport=polling&t=LsSVCML [33m404 [0m2.803 ms - 46[0m
[0mGET /browser-sync/socket.io/?EIO=3&transport=polling&t=LsSVDaj [33m404 [0m1.099 ms - 46[0m
[0mGET /browser-sync/socket.io/?EIO=3&transport=polling&t=LsSVEp1 [33m404 [0m1.169 ms - 46[0m
[0mGET /browser-sync/socket.io/?EIO=3&transport=polling&t=LsSVG1H [33m404 [0m23.502 ms - 46[0m
[0mGET /browser-sync/socket.io/?EIO=3&transport=polling&t=LsSVHFw [33m404 [0m1.173 ms - 46[0m
[0mGET /browser-sync/socket.io/?EIO=3&transport=polling&t=LsSVIUJ [33m404 [0m1.033 ms - 46[0m
[0mGET /browser-sync/socket.io/?EIO=3&transport=polling&t=LsSVJie [33m404 [0m0.980 ms - 46[0m
[0mGET /browser-sync/socket.io/?EIO=3&transport=polling&t=LsSVKwt [33m404 [0m1.310 ms - 46[0m
[0mGET /browser-sync/socket.io/?EIO=3&transport=polling&t=LsSVM98 [33m404 [0m0.774 ms - 46[0m
[0mGET /browser-sync/socket.io/?EIO=3&transport=polling&t=LsSVNNR [33m404 [0m0.598 ms - 46[0m
[0mGET /browser-sync/socket.io/?EIO=3&transport=polling&t=LsSVObh [33m404 [0m0.534 ms - 46[0m
[0mGET /browser-sync/socket.io/?EIO=3&transport=polling&t=LsSVPpv [33m404 [0m0.496 ms - 46[0m
[0mGET /browser-sync/socket.io/?EIO=3&transport=polling&t=LsSVR2A [33m404 [0m0.539 ms - 46[0m
[0mGET /browser-sync/socket.io/?EIO=3&transport=polling&t=LsSVSGT [33m404 [0m0.554 ms - 46[0m
[0mGET /browser-sync/socket.io/?EIO=3&transport=polling&t=LsSVTUk [33m404 [0m0.709 ms - 46[0m
[0mGET /router1/ [32m200 [0m12.586 ms - 718[0m
[0mGET /browser-sync/socket.io/?EIO=3&transport=polling&t=LsSVUi_ [33m404 [0m0.670 ms - 46[0m
[0mGET /browser-sync/socket.io/?EIO=3&transport=polling&t=LsSVVxG [33m404 [0m0.605 ms - 46[0m
[0mGET /browser-sync/socket.io/?EIO=3&transport=polling&t=LsSVX9V [33m404 [0m0.625 ms - 46[0m
[0mGET /browser-sync/socket.io/?EIO=3&transport=polling&t=LsSVYNl [33m404 [0m0.654 ms - 46[0m
[0mGET /browser-sync/socket.io/?EIO=3&transport=polling&t=LsSVZbz [33m404 [0m0.539 ms - 46[0m
[0mGET /browser-sync/socket.io/?EIO=3&transport=polling&t=LsSVaqD [33m404 [0m0.525 ms - 46[0m
[0mGET /browser-sync/socket.io/?EIO=3&transport=polling&t=LsSVc2S [33m404 [0m0.501 ms - 46[0m
[0mGET /browser-sync/socket.io/?EIO=3&transport=polling&t=LsSVdGi [33m404 [0m0.531 ms - 46[0m
[0mGET /browser-sync/socket.io/?EIO=3&transport=polling&t=LsSVeUz [33m404 [0m0.965 ms - 46[0m
[0mGET /browser-sync/socket.io/?EIO=3&transport=polling&t=LsSVfjH [33m404 [0m1.548 ms - 46[0m
[0mGET /browser-sync/socket.io/?EIO=3&transport=polling&t=LsSVgxY [33m404 [0m0.618 ms - 46[0m
[0mGET /browser-sync/socket.io/?EIO=3&transport=polling&t=LsSVi9s [33m404 [0m0.552 ms - 46[0m
[0mGET /browser-sync/socket.io/?EIO=3&transport=polling&t=LsSVjO6 [33m404 [0m1.136 ms - 46[0m
[0mGET /browser-sync/socket.io/?EIO=3&transport=polling&t=LsSVkcO [33m404 [0m0.729 ms - 46[0m
[0mGET /browser-sync/socket.io/?EIO=3&transport=polling&t=LsSVlqc [33m404 [0m0.767 ms - 46[0m
[0mGET /browser-sync/socket.io/?EIO=3&transport=polling&t=LsSVn2u [33m404 [0m0.741 ms - 46[0m
[0mGET /browser-sync/socket.io/?EIO=3&transport=polling&t=LsSVoH8 [33m404 [0m0.501 ms - 46[0m
[0mGET /browser-sync/socket.io/?EIO=3&transport=polling&t=LsSVpVL [33m404 [0m0.549 ms - 46[0m
[0mGET /browser-sync/socket.io/?EIO=3&transport=polling&t=LsSVqjb [33m404 [0m0.529 ms - 46[0m
[0mGET /browser-sync/socket.io/?EIO=3&transport=polling&t=LsSVrxp [33m404 [0m0.483 ms - 46[0m
[0mGET /browser-sync/socket.io/?EIO=3&transport=polling&t=LsSVtA1 [33m404 [0m0.530 ms - 46[0m
[0mGET /browser-sync/socket.io/?EIO=3&transport=polling&t=LsSVuOL [33m404 [0m0.508 ms - 46[0m
[0mGET /browser-sync/socket.io/?EIO=3&transport=polling&t=LsSVvcc [33m404 [0m0.518 ms - 46[0m
[0mGET /browser-sync/socket.io/?EIO=3&transport=polling&t=LsSVwqw [33m404 [0m0.516 ms - 46[0m
[0mGET /browser-sync/socket.io/?EIO=3&transport=polling&t=LsSVy3A [33m404 [0m0.507 ms - 46[0m
[0mGET /browser-sync/socket.io/?EIO=3&transport=polling&t=LsSVzHP [33m404 [0m0.521 ms - 46[0m
[0mGET /browser-sync/socket.io/?EIO=3&transport=polling&t=LsSV-Vf [33m404 [0m1.685 ms - 46[0m
[0mGET /browser-sync/socket.io/?EIO=3&transport=polling&t=LsSV_jv [33m404 [0m0.514 ms - 46[0m
[0mGET /browser-sync/socket.io/?EIO=3&transport=polling&t=LsSW0y7 [33m404 [0m0.513 ms - 46[0m
[0mGET /browser-sync/socket.io/?EIO=3&transport=polling&t=LsSW2AL [33m404 [0m0.512 ms - 46[0m
[0mGET /browser-sync/socket.io/?EIO=3&transport=polling&t=LsSW3OZ [33m404 [0m0.478 ms - 46[0m
[0mGET /browser-sync/socket.io/?EIO=3&transport=polling&t=LsSW4cr [33m404 [0m0.733 ms - 46[0m
[0mGET /router1/ [32m200 [0m3.322 ms - 718[0m
[0mGET /router1/ [32m200 [0m45.105 ms - 811[0m
