[0mGET / [36m304 [0m348.719 ms - -[0m
[0mGET /stylesheets/style.css [36m304 [0m3.267 ms - -[0m
[0mGET / [36m304 [0m30.592 ms - -[0m
[0mGET /stylesheets/style.css [36m304 [0m0.817 ms - -[0m
[0mGET /users [32m200 [0m2.322 ms - 23[0m
[0mPOST /users/daftar [33m404 [0m17.514 ms - 46[0m
[0mPOST /users/daftar [32m200 [0m1155.309 ms - 33[0m
[0mGET /router1 [33m403 [0m5.919 ms - 61[0m
[0mPOST /users/login [32m200 [0m513.257 ms - 2514[0m
[0mGET /router1 [33m403 [0m1.518 ms - 61[0m
[0mGET /router1 [33m403 [0m0.679 ms - 61[0m
[0mGET /router1 [33m403 [0m0.508 ms - 61[0m
[0mGET /router1 [33m403 [0m0.556 ms - 61[0m
[0mGET /router1 [32m200 [0m6.341 ms - 2[0m
[0mPOST /router1 [32m200 [0m51.614 ms - -[0m
[0mGET /router1 [33m403 [0m7.283 ms - 61[0m
[0mPOST /router1 [32m200 [0m74.446 ms - -[0m
[0mPOST /router1 [32m200 [0m58.139 ms - -[0m
[0mDELETE /router1 [32m200 [0m10.530 ms - 14[0m
[0mGET /router1 [32m200 [0m12.316 ms - 2[0m
[0mPOST /router1 [32m200 [0m6.825 ms - -[0m
[0mGET /router1 [32m200 [0m8.141 ms - 282[0m
[0mGET /router1/597edc727b2eca06da806975 [32m200 [0m6.344 ms - 280[0m
[0mPOST /router1/597edc727b2eca06da806975/komentar/ [33m404 [0m1.160 ms - 46[0m
[0mGET /router1/597edc727b2eca06da806975/komentar [32m200 [0m26.801 ms - -[0m
[0mGET /router1/597edc727b2eca06da806975/komentar [32m200 [0m4.776 ms - -[0m
[0mGET /router1 [32m200 [0m12.485 ms - 282[0m
[0mGET /router1/597edc727b2eca06da806975 [32m200 [0m5.559 ms - 280[0m
[0mGET /router1/597edc727b2eca06da806975/komentar [32m200 [0m2.370 ms - -[0m
[0mPOST /router1/597edc727b2eca06da806975/komentar [32m200 [0m64.975 ms - 450[0m
[0mGET /browser-sync/socket.io/?EIO=3&transport=polling&t=LsOAlce [33m404 [0m8.409 ms - 46[0m
[0mGET /browser-sync/socket.io/?EIO=3&transport=polling&t=LsOAldi [33m404 [0m1.716 ms - 46[0m
[0mGET /browser-sync/socket.io/?EIO=3&transport=polling&t=LsOAnHC [33m404 [0m1.904 ms - 46[0m
[0mGET /browser-sync/socket.io/?EIO=3&transport=polling&t=LsOAnHD [33m404 [0m1.286 ms - 46[0m
[0mGET /browser-sync/socket.io/?EIO=3&transport=polling&t=LsOAopO [33m404 [0m18.603 ms - 46[0m
[0mGET /browser-sync/socket.io/?EIO=3&transport=polling&t=LsOAoqW [33m404 [0m1.179 ms - 46[0m
[0mGET /browser-sync/socket.io/?EIO=3&transport=polling&t=LsOAqHT [33m404 [0m20.872 ms - 46[0m
[0mGET /browser-sync/socket.io/?EIO=3&transport=polling&t=LsOAqHt [33m404 [0m0.941 ms - 46[0m
[0mGET /browser-sync/socket.io/?EIO=3&transport=polling&t=LsOArle [33m404 [0m0.900 ms - 46[0m
[0mGET /browser-sync/socket.io/?EIO=3&transport=polling&t=LsOArlr [33m404 [0m0.723 ms - 46[0m
[0mGET /browser-sync/socket.io/?EIO=3&transport=polling&t=LsOAtDC [33m404 [0m1.043 ms - 46[0m
[0mGET /browser-sync/socket.io/?EIO=3&transport=polling&t=LsOAtE0 [33m404 [0m0.674 ms - 46[0m
[0mGET /browser-sync/socket.io/?EIO=3&transport=polling&t=LsOAuwn [33m404 [0m0.539 ms - 46[0m
[0mGET /browser-sync/socket.io/?EIO=3&transport=polling&t=LsOAuyp [33m404 [0m0.602 ms - 46[0m
[0mGET /browser-sync/socket.io/?EIO=3&transport=polling&t=LsOAwOU [33m404 [0m0.561 ms - 46[0m
[0mGET /browser-sync/socket.io/?EIO=3&transport=polling&t=LsOAwOU [33m404 [0m0.386 ms - 46[0m
[0mGET /browser-sync/socket.io/?EIO=3&transport=polling&t=LsOAy0i [33m404 [0m2.306 ms - 46[0m
[0mGET /browser-sync/socket.io/?EIO=3&transport=polling&t=LsOAy0j [33m404 [0m0.985 ms - 46[0m
[0mGET /browser-sync/socket.io/?EIO=3&transport=polling&t=LsOAzac [33m404 [0m0.504 ms - 46[0m
[0mGET /browser-sync/socket.io/?EIO=3&transport=polling&t=LsOAzb1 [33m404 [0m0.664 ms - 46[0m
[0mGET /browser-sync/socket.io/?EIO=3&transport=polling&t=LsOA_F- [33m404 [0m2.056 ms - 46[0m
[0mGET /browser-sync/socket.io/?EIO=3&transport=polling&t=LsOA_Fz [33m404 [0m1.414 ms - 46[0m
[0mGET /browser-sync/socket.io/?EIO=3&transport=polling&t=LsOB0km [33m404 [0m0.548 ms - 46[0m
[0mGET /browser-sync/socket.io/?EIO=3&transport=polling&t=LsOB0km [33m404 [0m0.441 ms - 46[0m
[0mGET /browser-sync/socket.io/?EIO=3&transport=polling&t=LsOB2D8 [33m404 [0m0.548 ms - 46[0m
[0mGET /browser-sync/socket.io/?EIO=3&transport=polling&t=LsOB2D8 [33m404 [0m0.659 ms - 46[0m
[0mGET /browser-sync/socket.io/?EIO=3&transport=polling&t=LsOB3gF [33m404 [0m0.538 ms - 46[0m
[0mGET /browser-sync/socket.io/?EIO=3&transport=polling&t=LsOB3gF [33m404 [0m0.773 ms - 46[0m
[0mGET /browser-sync/socket.io/?EIO=3&transport=polling&t=LsOB57j [33m404 [0m0.980 ms - 46[0m
[0mGET /browser-sync/socket.io/?EIO=3&transport=polling&t=LsOB5NB [33m404 [0m0.542 ms - 46[0m
[0mGET /browser-sync/socket.io/?EIO=3&transport=polling&t=LsOB6bo [33m404 [0m0.515 ms - 46[0m
[0mGET /browser-sync/socket.io/?EIO=3&transport=polling&t=LsOB6rQ [33m404 [0m1.132 ms - 46[0m
[0mGET /browser-sync/socket.io/?EIO=3&transport=polling&t=LsOB83g [33m404 [0m0.775 ms - 46[0m
[0mGET /browser-sync/socket.io/?EIO=3&transport=polling&t=LsOB8Ij [33m404 [0m0.754 ms - 46[0m
[0mGET /browser-sync/socket.io/?EIO=3&transport=polling&t=LsOB9XY [33m404 [0m1.086 ms - 46[0m
[0mGET /browser-sync/socket.io/?EIO=3&transport=polling&t=LsOB9mg [33m404 [0m1.052 ms - 46[0m
[0mGET /browser-sync/socket.io/?EIO=3&transport=polling&t=LsOBB1d [33m404 [0m0.688 ms - 46[0m
[0mGET /browser-sync/socket.io/?EIO=3&transport=polling&t=LsOBBFI [33m404 [0m0.605 ms - 46[0m
[0mGET /browser-sync/socket.io/?EIO=3&transport=polling&t=LsOBCkm [33m404 [0m0.505 ms - 46[0m
[0mGET /browser-sync/socket.io/?EIO=3&transport=polling&t=LsOBCv5 [33m404 [0m0.771 ms - 46[0m
[0mGET /browser-sync/socket.io/?EIO=3&transport=polling&t=LsOBE9u [33m404 [0m0.523 ms - 46[0m
[0mGET /browser-sync/socket.io/?EIO=3&transport=polling&t=LsOBEfh [33m404 [0m0.742 ms - 46[0m
[0mGET /browser-sync/socket.io/?EIO=3&transport=polling&t=LsOBFsR [33m404 [0m0.506 ms - 46[0m
[0mGET /browser-sync/socket.io/?EIO=3&transport=polling&t=LsOBGHc [33m404 [0m0.826 ms - 46[0m
[0mGET /browser-sync/socket.io/?EIO=3&transport=polling&t=LsOBHJe [33m404 [0m0.504 ms - 46[0m
[0mGET /users/daftar [33m404 [0m1.281 ms - 46[0m
[0mGET /browser-sync/socket.io/?EIO=3&transport=polling&t=LsOBI46 [33m404 [0m0.515 ms - 46[0m
[0mGET /browser-sync/socket.io/?EIO=3&transport=polling&t=LsOBJ2g [33m404 [0m0.503 ms - 46[0m
[0mGET /browser-sync/socket.io/?EIO=3&transport=polling&t=LsOBJYB [33m404 [0m0.508 ms - 46[0m
[0mGET /browser-sync/socket.io/?EIO=3&transport=polling&t=LsOBKWU [33m404 [0m0.830 ms - 46[0m
[0mGET /browser-sync/socket.io/?EIO=3&transport=polling&t=LsOBLEt [33m404 [0m0.556 ms - 46[0m
[0mGET /browser-sync/socket.io/?EIO=3&transport=polling&t=LsOBLzt [33m404 [0m0.928 ms - 46[0m
[0mGET /browser-sync/socket.io/?EIO=3&transport=polling&t=LsOBMjJ [33m404 [0m0.926 ms - 46[0m
[0mGET /browser-sync/socket.io/?EIO=3&transport=polling&t=LsOBNhW [33m404 [0m0.533 ms - 46[0m
[0mGET /browser-sync/socket.io/?EIO=3&transport=polling&t=LsOBOB3 [33m404 [0m0.497 ms - 46[0m
[0mGET /browser-sync/socket.io/?EIO=3&transport=polling&t=LsOBPND [33m404 [0m0.594 ms - 46[0m
[0mGET /browser-sync/socket.io/?EIO=3&transport=polling&t=LsOBPuF [33m404 [0m0.869 ms - 46[0m
[0mGET /browser-sync/socket.io/?EIO=3&transport=polling&t=LsOBR6D [33m404 [0m0.555 ms - 46[0m
[0mGET /browser-sync/socket.io/?EIO=3&transport=polling&t=LsOBRWO [33m404 [0m0.497 ms - 46[0m
[0mGET /users/ [32m200 [0m1.442 ms - 23[0m
[0mGET /browser-sync/socket.io/?EIO=3&transport=polling&t=LsOBSkV [33m404 [0m0.486 ms - 46[0m
[0mGET /browser-sync/socket.io/?EIO=3&transport=polling&t=LsOBTLU [33m404 [0m0.629 ms - 46[0m
[0mGET /users/daftar [33m404 [0m1.221 ms - 46[0m
[0mGET /browser-sync/socket.io/?EIO=3&transport=polling&t=LsOBUGA [33m404 [0m0.501 ms - 46[0m
[0mGET /browser-sync/socket.io/?EIO=3&transport=polling&t=LsOBUnY [33m404 [0m0.529 ms - 46[0m
[0mGET /browser-sync/socket.io/?EIO=3&transport=polling&t=LsOBVze [33m404 [0m0.736 ms - 46[0m
[0mGET /browser-sync/socket.io/?EIO=3&transport=polling&t=LsOBWOw [33m404 [0m0.487 ms - 46[0m
[0mPOST /users/daftar [32m200 [0m1205.008 ms - 33[0m
[0mGET /browser-sync/socket.io/?EIO=3&transport=polling&t=LsOBXSW [33m404 [0m1.206 ms - 46[0m
[0mGET /browser-sync/socket.io/?EIO=3&transport=polling&t=LsOBXyd [33m404 [0m1.801 ms - 46[0m
[0mGET /browser-sync/socket.io/?EIO=3&transport=polling&t=LsOBYvv [33m404 [0m0.609 ms - 46[0m
[0mGET /browser-sync/socket.io/?EIO=3&transport=polling&t=LsOBZPA [33m404 [0m0.550 ms - 46[0m
[0mGET /browser-sync/socket.io/?EIO=3&transport=polling&t=LsOBaQd [33m404 [0m0.512 ms - 46[0m
[0mPOST /users/login [32m200 [0m513.223 ms - 2514[0m
[0mGET /browser-sync/socket.io/?EIO=3&transport=polling&t=LsOBar_ [33m404 [0m0.626 ms - 46[0m
[0mGET /browser-sync/socket.io/?EIO=3&transport=polling&t=LsOBbs0 [33m404 [0m0.512 ms - 46[0m
[0mGET /browser-sync/socket.io/?EIO=3&transport=polling&t=LsOBcLa [33m404 [0m1.255 ms - 46[0m
[0mGET /browser-sync/socket.io/?EIO=3&transport=polling&t=LsOBdZT [33m404 [0m0.509 ms - 46[0m
[0mGET /browser-sync/socket.io/?EIO=3&transport=polling&t=LsOBdzF [33m404 [0m0.506 ms - 46[0m
[0mGET /browser-sync/socket.io/?EIO=3&transport=polling&t=LsOBfJ6 [33m404 [0m0.492 ms - 46[0m
[0mGET /browser-sync/socket.io/?EIO=3&transport=polling&t=LsOBfUZ [33m404 [0m0.498 ms - 46[0m
[0mGET /browser-sync/socket.io/?EIO=3&transport=polling&t=LsOBgzu [33m404 [0m0.613 ms - 46[0m
[0mGET /browser-sync/socket.io/?EIO=3&transport=polling&t=LsOBh0V [33m404 [0m0.590 ms - 46[0m
[0mGET /router1 [33m401 [0m3.679 ms - 64[0m
[0mGET /browser-sync/socket.io/?EIO=3&transport=polling&t=LsOBic8 [33m404 [0m0.591 ms - 46[0m
[0mGET /browser-sync/socket.io/?EIO=3&transport=polling&t=LsOBic8 [33m404 [0m0.394 ms - 46[0m
[0mGET /browser-sync/socket.io/?EIO=3&transport=polling&t=LsOBkJW [33m404 [0m0.501 ms - 46[0m
[0mGET /browser-sync/socket.io/?EIO=3&transport=polling&t=LsOBkJW [33m404 [0m0.391 ms - 46[0m
[0mGET /browser-sync/socket.io/?EIO=3&transport=polling&t=LsOBm4b [33m404 [0m0.530 ms - 46[0m
[0mGET /browser-sync/socket.io/?EIO=3&transport=polling&t=LsOBm7N [33m404 [0m0.505 ms - 46[0m
[0mGET /router1 [32m200 [0m7.960 ms - 2[0m
[0mGET /router1 [32m200 [0m3.123 ms - 2[0m
[0mGET /browser-sync/socket.io/?EIO=3&transport=polling&t=LsOBnZf [33m404 [0m0.480 ms - 46[0m
[0mGET /browser-sync/socket.io/?EIO=3&transport=polling&t=LsOBnkG [33m404 [0m0.582 ms - 46[0m
[0mGET /browser-sync/socket.io/?EIO=3&transport=polling&t=LsOBp19 [33m404 [0m0.492 ms - 46[0m
[0mGET /browser-sync/socket.io/?EIO=3&transport=polling&t=LsOBpRk [33m404 [0m0.479 ms - 46[0m
[0mGET /browser-sync/socket.io/?EIO=3&transport=polling&t=LsOBqVV [33m404 [0m0.544 ms - 46[0m
[0mGET /browser-sync/socket.io/?EIO=3&transport=polling&t=LsOBq-V [33m404 [0m0.506 ms - 46[0m
[0mGET /browser-sync/socket.io/?EIO=3&transport=polling&t=LsOBrz4 [33m404 [0m0.514 ms - 46[0m
[0mGET /browser-sync/socket.io/?EIO=3&transport=polling&t=LsOBsSd [33m404 [0m0.529 ms - 46[0m
[0mGET /browser-sync/socket.io/?EIO=3&transport=polling&t=LsOBtR9 [33m404 [0m0.508 ms - 46[0m
[0mGET /browser-sync/socket.io/?EIO=3&transport=polling&t=LsOBtw5 [33m404 [0m0.498 ms - 46[0m
[0mGET /browser-sync/socket.io/?EIO=3&transport=polling&t=LsOBuuX [33m404 [0m0.491 ms - 46[0m
[0mGET /browser-sync/socket.io/?EIO=3&transport=polling&t=LsOBval [33m404 [0m0.532 ms - 46[0m
[0mGET /browser-sync/socket.io/?EIO=3&transport=polling&t=LsOBwN6 [33m404 [0m0.534 ms - 46[0m
[0mGET /browser-sync/socket.io/?EIO=3&transport=polling&t=LsOBx4Q [33m404 [0m0.514 ms - 46[0m
[0mPOST /users/daftar [32m200 [0m1162.904 ms - 33[0m
[0mPOST /users/login [32m200 [0m515.502 ms - 2514[0m
[0mGET /router1 [32m200 [0m10.938 ms - 2[0m
[0mGET /router1 [32m200 [0m3.666 ms - 2[0m
[0mGET /router1 [32m200 [0m22.297 ms - 2[0m
[0mPOST /router1 [32m200 [0m47.645 ms - -[0m
[0mPOST /router1/597f0826b3fa5b09b890a21b [33m404 [0m3.521 ms - 46[0m
[0mGET /router1/597f0826b3fa5b09b890a21b [32m200 [0m10.007 ms - 255[0m
[0mPUT /router1/597f0826b3fa5b09b890a21b/ [32m200 [0m24.552 ms - 255[0m
[0mGET /router1/597f0826b3fa5b09b890a21b/ [32m200 [0m2.997 ms - 255[0m
[0mGET /router1/597f0826b3fa5b09b890a21b/komentar [32m200 [0m3.573 ms - 2[0m
[0mPOST /router1/597f0826b3fa5b09b890a21b/komentar [32m200 [0m14.384 ms - 425[0m
[0mPUT /router1/597f0826b3fa5b09b890a21b/komentar [33m404 [0m0.785 ms - 46[0m
[0mGET /router1/597f0826b3fa5b09b890a21b/komentar [32m200 [0m3.523 ms - 172[0m
[0mGET /router1/597f0826b3fa5b09b890a21b/komentar/597f08c9b3fa5b09b890a21c [32m200 [0m3.567 ms - 170[0m
[0mGET /router1/597f0826b3fa5b09b890a21b/komentar/597f08c9b3fa5b09b890a21c [32m200 [0m3.629 ms - 170[0m
[0mPUT /router1/597f0826b3fa5b09b890a21b/komentar/597f08c9b3fa5b09b890a21c [32m200 [0m21.655 ms - 425[0m
